/*C3*/SET SCHEMA PUBLIC
DELETE FROM METADATA WHERE INTERNALFILENAME='19e3a8cc7dc9f04e0c4aecaac3220319'
INSERT INTO METADATA VALUES('trains.arff','19e3a8cc7dc9f04e0c4aecaac3220319','Classification','Categorical',10,33,TRUE)
COMMIT
DELETE FROM METADATA WHERE INTERNALFILENAME='ac2796a6b90e241f4b9f198a80b1cb88'
INSERT INTO METADATA VALUES('tae.arff','ac2796a6b90e241f4b9f198a80b1cb88','Classification','Multivariate',151,6,FALSE)
COMMIT
DELETE FROM METADATA WHERE INTERNALFILENAME='feccb0d57dee342093bff9a45adbfa3d'
INSERT INTO METADATA VALUES('postoperative-patient-data.arff','feccb0d57dee342093bff9a45adbfa3d','Classification','Multivariate',90,9,TRUE)
COMMIT
INSERT INTO RESULTS VALUES(1,'RBFNetwork0','RBFNetwork','-B 9 -W 0.1 -R 1.0E-8 -S 1 -M -1 ','25d7d5d689042a3816aa1598d5fd56ef','25d7d5d689042a3816aa1598d5fd56ef',0.013333334E0,0.98E0,0.0074215555E0,0.061718076E0,1.66985E0,13.0923815E0,'1_RBFNetwork0_2011-08-09_00-58-23.968','2011-08-09 00:58:13.000734','2011-08-09 00:58:24.000484',907)
COMMIT
INSERT INTO RESULTS VALUES(1,'RBFNetwork0','RBFNetwork','-B 9 -W 0.1 -R 1.0E-8 -S 1 -M -1 ','25d7d5d689042a3816aa1598d5fd56ef','25d7d5d689042a3816aa1598d5fd56ef',0.026666667E0,0.96E0,0.020948902E0,0.10663125E0,4.713503E0,22.619904E0,'1_RBFNetwork0_2011-08-09_00-58-27.453','2011-08-09 00:58:24.000515','2011-08-09 00:58:28.000000',281)
COMMIT
INSERT INTO RESULTS VALUES(1,'RBFNetwork0','RBFNetwork','-B 9 -W 0.1 -R 1.0E-8 -S 1 -M -1 ','25d7d5d689042a3816aa1598d5fd56ef','25d7d5d689042a3816aa1598d5fd56ef',0.026666667E0,0.96E0,0.020948902E0,0.10663125E0,4.713503E0,22.619904E0,'1_RBFNetwork0_2011-08-09_00-58-30.859','2011-08-09 00:58:28.000015','2011-08-09 00:58:32.000187',94)
COMMIT
INSERT INTO RESULTS VALUES(1,'RBFNetwork0','RBFNetwork','-B 9 -W 0.1 -R 1.0E-8 -S 1 -M -1 ','25d7d5d689042a3816aa1598d5fd56ef','25d7d5d689042a3816aa1598d5fd56ef',0.02E0,0.97E0,0.018056054E0,0.09769095E0,4.062612E0,20.72338E0,'1_RBFNetwork0_2011-08-09_00-58-36.109','2011-08-09 00:58:32.000203','2011-08-09 00:58:36.000328',125)
COMMIT
INSERT INTO RESULTS VALUES(1,'RBFNetwork0','RBFNetwork','-B 9 -W 0.1 -R 1.0E-8 -S 1 -M -1 ','25d7d5d689042a3816aa1598d5fd56ef','25d7d5d689042a3816aa1598d5fd56ef',0.0E0,1.0E0,2.2146459E-7,1.8564951E-6,4.9829534E-5,3.938221E-4,'1_RBFNetwork0_2011-08-09_00-58-39.421','2011-08-09 00:58:36.000359','2011-08-09 00:58:39.000953',172)
COMMIT
